tint2: Using glib slice allocator (default). Run tint2 with environment variable G_SLICE=always-malloc in case of strange behavior or crashes
tint2: xShm: Disabled
tint2: No XSETTINGS manager, tint2 uses config option 'launcher_icon_theme'.
tint2: Loading config file: /root/.config/tint2/tint2rc
tint2: real transparency off.... depth: 24
tint2: panel items: LT
tint2: nb monitors 1, nb monitors used 1, nb desktops 4
[1;34mtint2: panel 1 uses scale 1 [0m
[1;32mtint2: Loading icon theme cache...[0m
[1;33mIcon path not found in cache: theme = hicolor, icon = libreoffice-writer, size = 24[0m
[1;32mtint2: Loading icon theme 'hicolor': 'hicolor'
[0m
Adding icon path to cache: theme = hicolor, icon = libreoffice-writer, size = 24, path = /usr/share/icons/hicolor/24x24/apps/libreoffice-writer.png
[1;33mIcon path not found in cache: theme = hicolor, icon = libreoffice-calc, size = 24[0m
Adding icon path to cache: theme = hicolor, icon = libreoffice-calc, size = 24, path = /usr/share/icons/hicolor/24x24/apps/libreoffice-calc.png
[1;33mIcon path not found in cache: theme = hicolor, icon = libreoffice-impress, size = 24[0m
Adding icon path to cache: theme = hicolor, icon = libreoffice-impress, size = 24, path = /usr/share/icons/hicolor/24x24/apps/libreoffice-impress.png
[1;33mIcon path not found in cache: theme = hicolor, icon = libreoffice-draw, size = 24[0m
Adding icon path to cache: theme = hicolor, icon = libreoffice-draw, size = 24, path = /usr/share/icons/hicolor/24x24/apps/libreoffice-draw.png
[1;33mIcon path not found in cache: theme = hicolor, icon = libreoffice-math, size = 24[0m
Adding icon path to cache: theme = hicolor, icon = libreoffice-math, size = 24, path = /usr/share/icons/hicolor/24x24/apps/libreoffice-math.png
[1;33mIcon path not found in cache: theme = hicolor, icon = libreoffice-base, size = 24[0m
Adding icon path to cache: theme = hicolor, icon = libreoffice-base, size = 24, path = /usr/share/icons/hicolor/24x24/apps/libreoffice-base.png
[1;33mIcon path not found in cache: theme = hicolor, icon = org.xfce.thunar, size = 24[0m
Adding icon path to cache: theme = hicolor, icon = org.xfce.thunar, size = 24, path = /usr/share/icons/hicolor/48x48/apps/org.xfce.thunar.png
[1;33mIcon path not found in cache: theme = hicolor, icon = xterm-color_48x48, size = 24[0m
Adding icon path to cache: theme = hicolor, icon = xterm-color_48x48, size = 24, path = /usr/share/pixmaps/xterm-color_48x48.xpm
tint2: Kernel uevent interface initialized...
[1;33mIcon path not found in cache: theme = hicolor, icon = libreoffice-writer, size = 22[0m
Adding icon path to cache: theme = hicolor, icon = libreoffice-writer, size = 22, path = /usr/share/icons/hicolor/24x24/apps/libreoffice-writer.png
[1;33mIcon path not found in cache: theme = hicolor, icon = libreoffice-calc, size = 22[0m
Adding icon path to cache: theme = hicolor, icon = libreoffice-calc, size = 22, path = /usr/share/icons/hicolor/24x24/apps/libreoffice-calc.png
[1;33mIcon path not found in cache: theme = hicolor, icon = libreoffice-impress, size = 22[0m
Adding icon path to cache: theme = hicolor, icon = libreoffice-impress, size = 22, path = /usr/share/icons/hicolor/24x24/apps/libreoffice-impress.png
[1;33mIcon path not found in cache: theme = hicolor, icon = libreoffice-draw, size = 22[0m
Adding icon path to cache: theme = hicolor, icon = libreoffice-draw, size = 22, path = /usr/share/icons/hicolor/24x24/apps/libreoffice-draw.png
[1;33mIcon path not found in cache: theme = hicolor, icon = libreoffice-math, size = 22[0m
Adding icon path to cache: theme = hicolor, icon = libreoffice-math, size = 22, path = /usr/share/icons/hicolor/24x24/apps/libreoffice-math.png
[1;33mIcon path not found in cache: theme = hicolor, icon = libreoffice-base, size = 22[0m
Adding icon path to cache: theme = hicolor, icon = libreoffice-base, size = 22, path = /usr/share/icons/hicolor/24x24/apps/libreoffice-base.png
[1;33mIcon path not found in cache: theme = hicolor, icon = org.xfce.thunar, size = 22[0m
Adding icon path to cache: theme = hicolor, icon = org.xfce.thunar, size = 22, path = /usr/share/icons/hicolor/48x48/apps/org.xfce.thunar.png
[1;33mIcon path not found in cache: theme = hicolor, icon = xterm-color_48x48, size = 22[0m
Adding icon path to cache: theme = hicolor, icon = xterm-color_48x48, size = 22, path = /usr/share/pixmaps/xterm-color_48x48.xpm
[1;32mtint2: Saving icon theme cache...[0m
tint2: pixmap background detection failed
tint2: Using glib slice allocator (default). Run tint2 with environment variable G_SLICE=always-malloc in case of strange behavior or crashes
tint2: xShm: Disabled
tint2: No XSETTINGS manager, tint2 uses config option 'launcher_icon_theme'.
tint2: Loading config file: /root/.config/tint2/tint2rc
tint2: real transparency off.... depth: 24
tint2: panel items: LT
tint2: nb monitors 1, nb monitors used 1, nb desktops 4
[1;34mtint2: panel 1 uses scale 1 [0m
[1;32mtint2: Loading icon theme cache...[0m
[1;33mIcon path not found in cache: theme = hicolor, icon = libreoffice-writer, size = 24[0m
[1;32mtint2: Loading icon theme 'hicolor': 'hicolor'
[0m
Adding icon path to cache: theme = hicolor, icon = libreoffice-writer, size = 24, path = /usr/share/icons/hicolor/24x24/apps/libreoffice-writer.png
[1;33mIcon path not found in cache: theme = hicolor, icon = libreoffice-calc, size = 24[0m
Adding icon path to cache: theme = hicolor, icon = libreoffice-calc, size = 24, path = /usr/share/icons/hicolor/24x24/apps/libreoffice-calc.png
[1;33mIcon path not found in cache: theme = hicolor, icon = libreoffice-impress, size = 24[0m
Adding icon path to cache: theme = hicolor, icon = libreoffice-impress, size = 24, path = /usr/share/icons/hicolor/24x24/apps/libreoffice-impress.png
[1;33mIcon path not found in cache: theme = hicolor, icon = libreoffice-draw, size = 24[0m
Adding icon path to cache: theme = hicolor, icon = libreoffice-draw, size = 24, path = /usr/share/icons/hicolor/24x24/apps/libreoffice-draw.png
[1;33mIcon path not found in cache: theme = hicolor, icon = libreoffice-math, size = 24[0m
Adding icon path to cache: theme = hicolor, icon = libreoffice-math, size = 24, path = /usr/share/icons/hicolor/24x24/apps/libreoffice-math.png
[1;33mIcon path not found in cache: theme = hicolor, icon = libreoffice-base, size = 24[0m
Adding icon path to cache: theme = hicolor, icon = libreoffice-base, size = 24, path = /usr/share/icons/hicolor/24x24/apps/libreoffice-base.png
[1;33mIcon path not found in cache: theme = hicolor, icon = org.xfce.thunar, size = 24[0m
Adding icon path to cache: theme = hicolor, icon = org.xfce.thunar, size = 24, path = /usr/share/icons/hicolor/48x48/apps/org.xfce.thunar.png
[1;33mIcon path not found in cache: theme = hicolor, icon = xterm-color_48x48, size = 24[0m
Adding icon path to cache: theme = hicolor, icon = xterm-color_48x48, size = 24, path = /usr/share/pixmaps/xterm-color_48x48.xpm
tint2: Kernel uevent interface initialized...
[1;33mIcon path not found in cache: theme = hicolor, icon = libreoffice-writer, size = 22[0m
Adding icon path to cache: theme = hicolor, icon = libreoffice-writer, size = 22, path = /usr/share/icons/hicolor/24x24/apps/libreoffice-writer.png
[1;33mIcon path not found in cache: theme = hicolor, icon = libreoffice-calc, size = 22[0m
Adding icon path to cache: theme = hicolor, icon = libreoffice-calc, size = 22, path = /usr/share/icons/hicolor/24x24/apps/libreoffice-calc.png
[1;33mIcon path not found in cache: theme = hicolor, icon = libreoffice-impress, size = 22[0m
Adding icon path to cache: theme = hicolor, icon = libreoffice-impress, size = 22, path = /usr/share/icons/hicolor/24x24/apps/libreoffice-impress.png
[1;33mIcon path not found in cache: theme = hicolor, icon = libreoffice-draw, size = 22[0m
Adding icon path to cache: theme = hicolor, icon = libreoffice-draw, size = 22, path = /usr/share/icons/hicolor/24x24/apps/libreoffice-draw.png
[1;33mIcon path not found in cache: theme = hicolor, icon = libreoffice-math, size = 22[0m
Adding icon path to cache: theme = hicolor, icon = libreoffice-math, size = 22, path = /usr/share/icons/hicolor/24x24/apps/libreoffice-math.png
[1;33mIcon path not found in cache: theme = hicolor, icon = libreoffice-base, size = 22[0m
Adding icon path to cache: theme = hicolor, icon = libreoffice-base, size = 22, path = /usr/share/icons/hicolor/24x24/apps/libreoffice-base.png
[1;33mIcon path not found in cache: theme = hicolor, icon = org.xfce.thunar, size = 22[0m
Adding icon path to cache: theme = hicolor, icon = org.xfce.thunar, size = 22, path = /usr/share/icons/hicolor/48x48/apps/org.xfce.thunar.png
[1;33mIcon path not found in cache: theme = hicolor, icon = xterm-color_48x48, size = 22[0m
Adding icon path to cache: theme = hicolor, icon = xterm-color_48x48, size = 22, path = /usr/share/pixmaps/xterm-color_48x48.xpm
[1;32mtint2: Saving icon theme cache...[0m
tint2: pixmap background detection failed
[1;33m/home/buildozer/aports/community/tint2/src/tint2-17.1.3/src/util/signals.c 156: triggering tint2 restart, reason: configuration change in the root window[0m
[1;33m/home/buildozer/aports/community/tint2/src/tint2-17.1.3/src/util/signals.c 156: triggering tint2 restart, reason: configuration change in the root window[0m
[1;33m/home/buildozer/aports/community/tint2/src/tint2-17.1.3/src/util/signals.c 156: triggering tint2 restart, reason: configuration change in the root window[0m
[1;33mtint2: /home/buildozer/aports/community/tint2/src/tint2-17.1.3/src/main.c 832: restarting tint2...[0m
tint2: xShm: Disabled
tint2: No XSETTINGS manager, tint2 uses config option 'launcher_icon_theme'.
tint2: Loading config file: /root/.config/tint2/tint2rc
tint2: real transparency off.... depth: 24
tint2: panel items: LT
tint2: nb monitors 1, nb monitors used 1, nb desktops 4
[1;34mtint2: panel 1 uses scale 1 [0m
[1;32mtint2: Loading icon theme cache...[0m
[1;33mIcon path not found in cache: theme = hicolor, icon = libreoffice-writer, size = 24[0m
[1;32mtint2: Loading icon theme 'hicolor': 'hicolor'
[0m
Adding icon path to cache: theme = hicolor, icon = libreoffice-writer, size = 24, path = /usr/share/icons/hicolor/24x24/apps/libreoffice-writer.png
[1;33mIcon path not found in cache: theme = hicolor, icon = libreoffice-calc, size = 24[0m
Adding icon path to cache: theme = hicolor, icon = libreoffice-calc, size = 24, path = /usr/share/icons/hicolor/24x24/apps/libreoffice-calc.png
[1;33mIcon path not found in cache: theme = hicolor, icon = libreoffice-impress, size = 24[0m
Adding icon path to cache: theme = hicolor, icon = libreoffice-impress, size = 24, path = /usr/share/icons/hicolor/24x24/apps/libreoffice-impress.png
[1;33mIcon path not found in cache: theme = hicolor, icon = libreoffice-draw, size = 24[0m
Adding icon path to cache: theme = hicolor, icon = libreoffice-draw, size = 24, path = /usr/share/icons/hicolor/24x24/apps/libreoffice-draw.png
[1;33mIcon path not found in cache: theme = hicolor, icon = libreoffice-math, size = 24[0m
Adding icon path to cache: theme = hicolor, icon = libreoffice-math, size = 24, path = /usr/share/icons/hicolor/24x24/apps/libreoffice-math.png
[1;33mIcon path not found in cache: theme = hicolor, icon = libreoffice-base, size = 24[0m
Adding icon path to cache: theme = hicolor, icon = libreoffice-base, size = 24, path = /usr/share/icons/hicolor/24x24/apps/libreoffice-base.png
[1;33mIcon path not found in cache: theme = hicolor, icon = org.xfce.thunar, size = 24[0m
Adding icon path to cache: theme = hicolor, icon = org.xfce.thunar, size = 24, path = /usr/share/icons/hicolor/48x48/apps/org.xfce.thunar.png
[1;33mIcon path not found in cache: theme = hicolor, icon = xterm-color_48x48, size = 24[0m
Adding icon path to cache: theme = hicolor, icon = xterm-color_48x48, size = 24, path = /usr/share/pixmaps/xterm-color_48x48.xpm
tint2: Kernel uevent interface initialized...
[1;33mIcon path not found in cache: theme = hicolor, icon = libreoffice-writer, size = 22[0m
Adding icon path to cache: theme = hicolor, icon = libreoffice-writer, size = 22, path = /usr/share/icons/hicolor/24x24/apps/libreoffice-writer.png
[1;33mIcon path not found in cache: theme = hicolor, icon = libreoffice-calc, size = 22[0m
Adding icon path to cache: theme = hicolor, icon = libreoffice-calc, size = 22, path = /usr/share/icons/hicolor/24x24/apps/libreoffice-calc.png
[1;33mIcon path not found in cache: theme = hicolor, icon = libreoffice-impress, size = 22[0m
Adding icon path to cache: theme = hicolor, icon = libreoffice-impress, size = 22, path = /usr/share/icons/hicolor/24x24/apps/libreoffice-impress.png
[1;33mIcon path not found in cache: theme = hicolor, icon = libreoffice-draw, size = 22[0m
Adding icon path to cache: theme = hicolor, icon = libreoffice-draw, size = 22, path = /usr/share/icons/hicolor/24x24/apps/libreoffice-draw.png
[1;33mIcon path not found in cache: theme = hicolor, icon = libreoffice-math, size = 22[0m
Adding icon path to cache: theme = hicolor, icon = libreoffice-math, size = 22, path = /usr/share/icons/hicolor/24x24/apps/libreoffice-math.png
[1;33mIcon path not found in cache: theme = hicolor, icon = libreoffice-base, size = 22[0m
Adding icon path to cache: theme = hicolor, icon = libreoffice-base, size = 22, path = /usr/share/icons/hicolor/24x24/apps/libreoffice-base.png
[1;33mIcon path not found in cache: theme = hicolor, icon = org.xfce.thunar, size = 22[0m
Adding icon path to cache: theme = hicolor, icon = org.xfce.thunar, size = 22, path = /usr/share/icons/hicolor/48x48/apps/org.xfce.thunar.png
[1;33mIcon path not found in cache: theme = hicolor, icon = xterm-color_48x48, size = 22[0m
Adding icon path to cache: theme = hicolor, icon = xterm-color_48x48, size = 22, path = /usr/share/pixmaps/xterm-color_48x48.xpm
[1;32mtint2: Saving icon theme cache...[0m
tint2: pixmap background detection failed
Xlib:  extension "XINERAMA" missing on display ":1".
[1;31mtint2: got 7 X errors[0m
[1;31mtint2: BadWindow (invalid Window parameter)[0m
[1;31mtint2: BadWindow (invalid Window parameter)[0m
[1;31mtint2: BadWindow (invalid Window parameter)[0m
[1;31mtint2: BadWindow (invalid Window parameter)[0m
[1;31mtint2: BadWindow (invalid Window parameter)[0m
[1;31mtint2: BadWindow (invalid Window parameter)[0m
[1;31mtint2: BadWindow (invalid Window parameter)[0m
ThunarThumbnailer: Failed to retrieve supported types: GDBus.Error:org.freedesktop.DBus.Error.ServiceUnknown: The name org.freedesktop.thumbnails.Thumbnailer1 was not provided by any .service files
[1;33m/home/buildozer/aports/community/tint2/src/tint2-17.1.3/src/util/signals.c 156: triggering tint2 restart, reason: configuration change in the root window[0m
[1;33m/home/buildozer/aports/community/tint2/src/tint2-17.1.3/src/util/signals.c 156: triggering tint2 restart, reason: configuration change in the root window[0m
[1;33mtint2: /home/buildozer/aports/community/tint2/src/tint2-17.1.3/src/main.c 832: restarting tint2...[0m
tint2: xShm: Disabled
tint2: No XSETTINGS manager, tint2 uses config option 'launcher_icon_theme'.
tint2: Loading config file: /root/.config/tint2/tint2rc
tint2: real transparency off.... depth: 24
tint2: panel items: LT
tint2: nb monitors 1, nb monitors used 1, nb desktops 4
[1;34mtint2: panel 1 uses scale 1 [0m
[1;32mtint2: Loading icon theme cache...[0m
[1;33mIcon path not found in cache: theme = hicolor, icon = libreoffice-writer, size = 24[0m
[1;32mtint2: Loading icon theme 'hicolor': 'hicolor'
[0m
Adding icon path to cache: theme = hicolor, icon = libreoffice-writer, size = 24, path = /usr/share/icons/hicolor/24x24/apps/libreoffice-writer.png
[1;33mIcon path not found in cache: theme = hicolor, icon = libreoffice-calc, size = 24[0m
Adding icon path to cache: theme = hicolor, icon = libreoffice-calc, size = 24, path = /usr/share/icons/hicolor/24x24/apps/libreoffice-calc.png
[1;33mIcon path not found in cache: theme = hicolor, icon = libreoffice-impress, size = 24[0m
Adding icon path to cache: theme = hicolor, icon = libreoffice-impress, size = 24, path = /usr/share/icons/hicolor/24x24/apps/libreoffice-impress.png
[1;33mIcon path not found in cache: theme = hicolor, icon = libreoffice-draw, size = 24[0m
Adding icon path to cache: theme = hicolor, icon = libreoffice-draw, size = 24, path = /usr/share/icons/hicolor/24x24/apps/libreoffice-draw.png
[1;33mIcon path not found in cache: theme = hicolor, icon = libreoffice-math, size = 24[0m
Adding icon path to cache: theme = hicolor, icon = libreoffice-math, size = 24, path = /usr/share/icons/hicolor/24x24/apps/libreoffice-math.png
[1;33mIcon path not found in cache: theme = hicolor, icon = libreoffice-base, size = 24[0m
Adding icon path to cache: theme = hicolor, icon = libreoffice-base, size = 24, path = /usr/share/icons/hicolor/24x24/apps/libreoffice-base.png
[1;33mIcon path not found in cache: theme = hicolor, icon = org.xfce.thunar, size = 24[0m
Adding icon path to cache: theme = hicolor, icon = org.xfce.thunar, size = 24, path = /usr/share/icons/hicolor/48x48/apps/org.xfce.thunar.png
[1;33mIcon path not found in cache: theme = hicolor, icon = xterm-color_48x48, size = 24[0m
Adding icon path to cache: theme = hicolor, icon = xterm-color_48x48, size = 24, path = /usr/share/pixmaps/xterm-color_48x48.xpm
tint2: Kernel uevent interface initialized...
[1;33mIcon path not found in cache: theme = hicolor, icon = libreoffice-writer, size = 22[0m
Adding icon path to cache: theme = hicolor, icon = libreoffice-writer, size = 22, path = /usr/share/icons/hicolor/24x24/apps/libreoffice-writer.png
[1;33mIcon path not found in cache: theme = hicolor, icon = libreoffice-calc, size = 22[0m
Adding icon path to cache: theme = hicolor, icon = libreoffice-calc, size = 22, path = /usr/share/icons/hicolor/24x24/apps/libreoffice-calc.png
[1;33mIcon path not found in cache: theme = hicolor, icon = libreoffice-impress, size = 22[0m
Adding icon path to cache: theme = hicolor, icon = libreoffice-impress, size = 22, path = /usr/share/icons/hicolor/24x24/apps/libreoffice-impress.png
[1;33mIcon path not found in cache: theme = hicolor, icon = libreoffice-draw, size = 22[0m
Adding icon path to cache: theme = hicolor, icon = libreoffice-draw, size = 22, path = /usr/share/icons/hicolor/24x24/apps/libreoffice-draw.png
[1;33mIcon path not found in cache: theme = hicolor, icon = libreoffice-math, size = 22[0m
Adding icon path to cache: theme = hicolor, icon = libreoffice-math, size = 22, path = /usr/share/icons/hicolor/24x24/apps/libreoffice-math.png
[1;33mIcon path not found in cache: theme = hicolor, icon = libreoffice-base, size = 22[0m
Adding icon path to cache: theme = hicolor, icon = libreoffice-base, size = 22, path = /usr/share/icons/hicolor/24x24/apps/libreoffice-base.png
[1;33mIcon path not found in cache: theme = hicolor, icon = org.xfce.thunar, size = 22[0m
Adding icon path to cache: theme = hicolor, icon = org.xfce.thunar, size = 22, path = /usr/share/icons/hicolor/48x48/apps/org.xfce.thunar.png
[1;33mIcon path not found in cache: theme = hicolor, icon = xterm-color_48x48, size = 22[0m
Adding icon path to cache: theme = hicolor, icon = xterm-color_48x48, size = 22, path = /usr/share/pixmaps/xterm-color_48x48.xpm
[1;32mtint2: Saving icon theme cache...[0m
tint2: pixmap background detection failed
[1;31mtint2: got 1 X errors[0m
[1;31mtint2: BadWindow (invalid Window parameter)[0m
tint2: Using glib slice allocator (default). Run tint2 with environment variable G_SLICE=always-malloc in case of strange behavior or crashes
tint2: xShm: Disabled
tint2: No XSETTINGS manager, tint2 uses config option 'launcher_icon_theme'.
tint2: Loading config file: /root/.config/tint2/tint2rc
tint2: real transparency off.... depth: 24
tint2: panel items: LT
tint2: nb monitors 1, nb monitors used 1, nb desktops 4
[1;34mtint2: panel 1 uses scale 1 [0m
[1;32mtint2: Loading icon theme cache...[0m
[1;33mIcon path not found in cache: theme = hicolor, icon = libreoffice-writer, size = 24[0m
[1;32mtint2: Loading icon theme 'hicolor': 'hicolor'
[0m
Adding icon path to cache: theme = hicolor, icon = libreoffice-writer, size = 24, path = /usr/share/icons/hicolor/24x24/apps/libreoffice-writer.png
[1;33mIcon path not found in cache: theme = hicolor, icon = libreoffice-calc, size = 24[0m
Adding icon path to cache: theme = hicolor, icon = libreoffice-calc, size = 24, path = /usr/share/icons/hicolor/24x24/apps/libreoffice-calc.png
[1;33mIcon path not found in cache: theme = hicolor, icon = libreoffice-impress, size = 24[0m
Adding icon path to cache: theme = hicolor, icon = libreoffice-impress, size = 24, path = /usr/share/icons/hicolor/24x24/apps/libreoffice-impress.png
[1;33mIcon path not found in cache: theme = hicolor, icon = libreoffice-draw, size = 24[0m
Adding icon path to cache: theme = hicolor, icon = libreoffice-draw, size = 24, path = /usr/share/icons/hicolor/24x24/apps/libreoffice-draw.png
[1;33mIcon path not found in cache: theme = hicolor, icon = libreoffice-math, size = 24[0m
Adding icon path to cache: theme = hicolor, icon = libreoffice-math, size = 24, path = /usr/share/icons/hicolor/24x24/apps/libreoffice-math.png
[1;33mIcon path not found in cache: theme = hicolor, icon = libreoffice-base, size = 24[0m
Adding icon path to cache: theme = hicolor, icon = libreoffice-base, size = 24, path = /usr/share/icons/hicolor/24x24/apps/libreoffice-base.png
[1;33mIcon path not found in cache: theme = hicolor, icon = org.xfce.thunar, size = 24[0m
Adding icon path to cache: theme = hicolor, icon = org.xfce.thunar, size = 24, path = /usr/share/icons/hicolor/48x48/apps/org.xfce.thunar.png
[1;33mIcon path not found in cache: theme = hicolor, icon = xterm-color_48x48, size = 24[0m
Adding icon path to cache: theme = hicolor, icon = xterm-color_48x48, size = 24, path = /usr/share/pixmaps/xterm-color_48x48.xpm
tint2: Kernel uevent interface initialized...
[1;33mIcon path not found in cache: theme = hicolor, icon = libreoffice-writer, size = 22[0m
Adding icon path to cache: theme = hicolor, icon = libreoffice-writer, size = 22, path = /usr/share/icons/hicolor/24x24/apps/libreoffice-writer.png
[1;33mIcon path not found in cache: theme = hicolor, icon = libreoffice-calc, size = 22[0m
Adding icon path to cache: theme = hicolor, icon = libreoffice-calc, size = 22, path = /usr/share/icons/hicolor/24x24/apps/libreoffice-calc.png
[1;33mIcon path not found in cache: theme = hicolor, icon = libreoffice-impress, size = 22[0m
Adding icon path to cache: theme = hicolor, icon = libreoffice-impress, size = 22, path = /usr/share/icons/hicolor/24x24/apps/libreoffice-impress.png
[1;33mIcon path not found in cache: theme = hicolor, icon = libreoffice-draw, size = 22[0m
Adding icon path to cache: theme = hicolor, icon = libreoffice-draw, size = 22, path = /usr/share/icons/hicolor/24x24/apps/libreoffice-draw.png
[1;33mIcon path not found in cache: theme = hicolor, icon = libreoffice-math, size = 22[0m
Adding icon path to cache: theme = hicolor, icon = libreoffice-math, size = 22, path = /usr/share/icons/hicolor/24x24/apps/libreoffice-math.png
[1;33mIcon path not found in cache: theme = hicolor, icon = libreoffice-base, size = 22[0m
Adding icon path to cache: theme = hicolor, icon = libreoffice-base, size = 22, path = /usr/share/icons/hicolor/24x24/apps/libreoffice-base.png
[1;33mIcon path not found in cache: theme = hicolor, icon = org.xfce.thunar, size = 22[0m
Adding icon path to cache: theme = hicolor, icon = org.xfce.thunar, size = 22, path = /usr/share/icons/hicolor/48x48/apps/org.xfce.thunar.png
[1;33mIcon path not found in cache: theme = hicolor, icon = xterm-color_48x48, size = 22[0m
Adding icon path to cache: theme = hicolor, icon = xterm-color_48x48, size = 22, path = /usr/share/pixmaps/xterm-color_48x48.xpm
[1;32mtint2: Saving icon theme cache...[0m
tint2: pixmap background detection failed
[1;33m/home/buildozer/aports/community/tint2/src/tint2-17.1.3/src/util/signals.c 156: triggering tint2 restart, reason: configuration change in the root window[0m
[1;33m/home/buildozer/aports/community/tint2/src/tint2-17.1.3/src/util/signals.c 156: triggering tint2 restart, reason: configuration change in the root window[0m
[1;33mtint2: /home/buildozer/aports/community/tint2/src/tint2-17.1.3/src/main.c 832: restarting tint2...[0m
tint2: xShm: Disabled
tint2: No XSETTINGS manager, tint2 uses config option 'launcher_icon_theme'.
tint2: Loading config file: /root/.config/tint2/tint2rc
tint2: real transparency off.... depth: 24
tint2: panel items: LT
tint2: nb monitors 1, nb monitors used 1, nb desktops 4
[1;34mtint2: panel 1 uses scale 1 [0m
[1;32mtint2: Loading icon theme cache...[0m
[1;33mIcon path not found in cache: theme = hicolor, icon = libreoffice-writer, size = 24[0m
[1;32mtint2: Loading icon theme 'hicolor': 'hicolor'
[0m
Adding icon path to cache: theme = hicolor, icon = libreoffice-writer, size = 24, path = /usr/share/icons/hicolor/24x24/apps/libreoffice-writer.png
[1;33mIcon path not found in cache: theme = hicolor, icon = libreoffice-calc, size = 24[0m
Adding icon path to cache: theme = hicolor, icon = libreoffice-calc, size = 24, path = /usr/share/icons/hicolor/24x24/apps/libreoffice-calc.png
[1;33mIcon path not found in cache: theme = hicolor, icon = libreoffice-impress, size = 24[0m
Adding icon path to cache: theme = hicolor, icon = libreoffice-impress, size = 24, path = /usr/share/icons/hicolor/24x24/apps/libreoffice-impress.png
[1;33mIcon path not found in cache: theme = hicolor, icon = libreoffice-draw, size = 24[0m
Adding icon path to cache: theme = hicolor, icon = libreoffice-draw, size = 24, path = /usr/share/icons/hicolor/24x24/apps/libreoffice-draw.png
[1;33mIcon path not found in cache: theme = hicolor, icon = libreoffice-math, size = 24[0m
Adding icon path to cache: theme = hicolor, icon = libreoffice-math, size = 24, path = /usr/share/icons/hicolor/24x24/apps/libreoffice-math.png
[1;33mIcon path not found in cache: theme = hicolor, icon = libreoffice-base, size = 24[0m
Adding icon path to cache: theme = hicolor, icon = libreoffice-base, size = 24, path = /usr/share/icons/hicolor/24x24/apps/libreoffice-base.png
[1;33mIcon path not found in cache: theme = hicolor, icon = org.xfce.thunar, size = 24[0m
Adding icon path to cache: theme = hicolor, icon = org.xfce.thunar, size = 24, path = /usr/share/icons/hicolor/48x48/apps/org.xfce.thunar.png
[1;33mIcon path not found in cache: theme = hicolor, icon = xterm-color_48x48, size = 24[0m
Adding icon path to cache: theme = hicolor, icon = xterm-color_48x48, size = 24, path = /usr/share/pixmaps/xterm-color_48x48.xpm
tint2: Kernel uevent interface initialized...
[1;33mIcon path not found in cache: theme = hicolor, icon = libreoffice-writer, size = 22[0m
Adding icon path to cache: theme = hicolor, icon = libreoffice-writer, size = 22, path = /usr/share/icons/hicolor/24x24/apps/libreoffice-writer.png
[1;33mIcon path not found in cache: theme = hicolor, icon = libreoffice-calc, size = 22[0m
Adding icon path to cache: theme = hicolor, icon = libreoffice-calc, size = 22, path = /usr/share/icons/hicolor/24x24/apps/libreoffice-calc.png
[1;33mIcon path not found in cache: theme = hicolor, icon = libreoffice-impress, size = 22[0m
Adding icon path to cache: theme = hicolor, icon = libreoffice-impress, size = 22, path = /usr/share/icons/hicolor/24x24/apps/libreoffice-impress.png
[1;33mIcon path not found in cache: theme = hicolor, icon = libreoffice-draw, size = 22[0m
Adding icon path to cache: theme = hicolor, icon = libreoffice-draw, size = 22, path = /usr/share/icons/hicolor/24x24/apps/libreoffice-draw.png
[1;33mIcon path not found in cache: theme = hicolor, icon = libreoffice-math, size = 22[0m
Adding icon path to cache: theme = hicolor, icon = libreoffice-math, size = 22, path = /usr/share/icons/hicolor/24x24/apps/libreoffice-math.png
[1;33mIcon path not found in cache: theme = hicolor, icon = libreoffice-base, size = 22[0m
Adding icon path to cache: theme = hicolor, icon = libreoffice-base, size = 22, path = /usr/share/icons/hicolor/24x24/apps/libreoffice-base.png
[1;33mIcon path not found in cache: theme = hicolor, icon = org.xfce.thunar, size = 22[0m
Adding icon path to cache: theme = hicolor, icon = org.xfce.thunar, size = 22, path = /usr/share/icons/hicolor/48x48/apps/org.xfce.thunar.png
[1;33mIcon path not found in cache: theme = hicolor, icon = xterm-color_48x48, size = 22[0m
Adding icon path to cache: theme = hicolor, icon = xterm-color_48x48, size = 22, path = /usr/share/pixmaps/xterm-color_48x48.xpm
[1;32mtint2: Saving icon theme cache...[0m
tint2: pixmap background detection failed
